# JRE version: Java(TM) SE Runtime Environment (8.0_91-b15) (build 1.8.0_91-b15)
# Java VM: Java HotSpot(TM) 64-Bit Server VM (25.91-b15 mixed mode windows-amd64 compressed oops)
Heap:
 PSYoungGen      total 270336K, used 268960K [0x00000000eab00000, 0x0000000100000000, 0x0000000100000000)
  eden space 211968K, 100% used [0x00000000eab00000,0x00000000f7a00000,0x00000000f7a00000)
  from space 58368K, 97% used [0x00000000fc700000,0x00000000ffea8000,0x0000000100000000)
  to   space 68608K, 5% used [0x00000000f7a00000,0x00000000f7de8000,0x00000000fbd00000)
 ParOldGen       total 276480K, used 169633K [0x00000000c0000000, 0x00000000d0e00000, 0x00000000eab00000)
  object space 276480K, 61% used [0x00000000c0000000,0x00000000ca5a8658,0x00000000d0e00000)
 Metaspace       used 70980K, capacity 74490K, committed 74624K, reserved 1114112K
  class space    used 9359K, capacity 10102K, committed 10112K, reserved 1048576K
GC Heap History (10 events):
Event: 667.820 GC heap after
Heap after GC invocations=37 (full 6):
 PSYoungGen      total 286720K, used 5600K [0x00000000eab00000, 0x0000000100000000, 0x0000000100000000)
  eden space 229888K, 0% used [0x00000000eab00000,0x00000000eab00000,0x00000000f8b80000)
  from space 56832K, 9% used [0x00000000f8b80000,0x00000000f90f8000,0x00000000fc300000)
  to   space 55808K, 0% used [0x00000000fc980000,0x00000000fc980000,0x0000000100000000)
 ParOldGen       total 276480K, used 170681K [0x00000000c0000000, 0x00000000d0e00000, 0x00000000eab00000)
  object space 276480K, 61% used [0x00000000c0000000,0x00000000ca6ae750,0x00000000d0e00000)
 Metaspace       used 70327K, capacity 73582K, committed 73728K, reserved 1114112K
  class space    used 9293K, capacity 9984K, committed 9984K, reserved 1048576K
}
Event: 668.194 GC heap before
{Heap before GC invocations=38 (full 6):
 PSYoungGen      total 286720K, used 212376K [0x00000000eab00000, 0x0000000100000000, 0x0000000100000000)
  eden space 229888K, 89% used [0x00000000eab00000,0x00000000f74ee3d8,0x00000000f8b80000)
  from space 56832K, 9% used [0x00000000f8b80000,0x00000000f90f8000,0x00000000fc300000)
  to   space 55808K, 0% used [0x00000000fc980000,0x00000000fc980000,0x0000000100000000)
 ParOldGen       total 276480K, used 170681K [0x00000000c0000000, 0x00000000d0e00000, 0x00000000eab00000)
  object space 276480K, 61% used [0x00000000c0000000,0x00000000ca6ae750,0x00000000d0e00000)
 Metaspace       used 70384K, capacity 73606K, committed 73856K, reserved 1114112K
  class space    used 9303K, capacity 9988K, committed 10112K, reserved 1048576K
Event: 668.221 GC heap after
Heap after GC invocations=38 (full 6):
 PSYoungGen      total 294400K, used 6560K [0x00000000eab00000, 0x00000000fff80000, 0x0000000100000000)
  eden space 239104K, 0% used [0x00000000eab00000,0x00000000eab00000,0x00000000f9480000)
  from space 55296K, 11% used [0x00000000fc980000,0x00000000fcfe8000,0x00000000fff80000)
  to   space 54272K, 0% used [0x00000000f9480000,0x00000000f9480000,0x00000000fc980000)
 ParOldGen       total 276480K, used 176289K [0x00000000c0000000, 0x00000000d0e00000, 0x00000000eab00000)
  object space 276480K, 63% used [0x00000000c0000000,0x00000000cac28750,0x00000000d0e00000)
 Metaspace       used 70384K, capacity 73606K, committed 73856K, reserved 1114112K
  class space    used 9303K, capacity 9988K, committed 10112K, reserved 1048576K
}
Event: 668.221 GC heap before
{Heap before GC invocations=39 (full 7):
 PSYoungGen      total 294400K, used 6560K [0x00000000eab00000, 0x00000000fff80000, 0x0000000100000000)
  eden space 239104K, 0% used [0x00000000eab00000,0x00000000eab00000,0x00000000f9480000)
  from space 55296K, 11% used [0x00000000fc980000,0x00000000fcfe8000,0x00000000fff80000)
  to   space 54272K, 0% used [0x00000000f9480000,0x00000000f9480000,0x00000000fc980000)
 ParOldGen       total 276480K, used 176289K [0x00000000c0000000, 0x00000000d0e00000, 0x00000000eab00000)
  object space 276480K, 63% used [0x00000000c0000000,0x00000000cac28750,0x00000000d0e00000)
 Metaspace       used 70384K, capacity 73606K, committed 73856K, reserved 1114112K
  class space    used 9303K, capacity 9988K, committed 10112K, reserved 1048576K
Event: 668.624 GC heap after
Heap after GC invocations=39 (full 7):
 PSYoungGen      total 294400K, used 0K [0x00000000eab00000, 0x00000000fff80000, 0x0000000100000000)
  eden space 239104K, 0% used [0x00000000eab00000,0x00000000eab00000,0x00000000f9480000)
  from space 55296K, 0% used [0x00000000fc980000,0x00000000fc980000,0x00000000fff80000)
  to   space 54272K, 0% used [0x00000000f9480000,0x00000000f9480000,0x00000000fc980000)
 ParOldGen       total 276480K, used 78719K [0x00000000c0000000, 0x00000000d0e00000, 0x00000000eab00000)
  object space 276480K, 28% used [0x00000000c0000000,0x00000000c4cdfdf0,0x00000000d0e00000)
 Metaspace       used 70384K, capacity 73606K, committed 73856K, reserved 1114112K
  class space    used 9303K, capacity 9988K, committed 10112K, reserved 1048576K
}
Event: 677.640 GC heap before
{Heap before GC invocations=40 (full 7):
 PSYoungGen      total 294400K, used 239104K [0x00000000eab00000, 0x00000000fff80000, 0x0000000100000000)
  eden space 239104K, 100% used [0x00000000eab00000,0x00000000f9480000,0x00000000f9480000)
  from space 55296K, 0% used [0x00000000fc980000,0x00000000fc980000,0x00000000fff80000)
  to   space 54272K, 0% used [0x00000000f9480000,0x00000000f9480000,0x00000000fc980000)
 ParOldGen       total 276480K, used 78719K [0x00000000c0000000, 0x00000000d0e00000, 0x00000000eab00000)
  object space 276480K, 28% used [0x00000000c0000000,0x00000000c4cdfdf0,0x00000000d0e00000)
 Metaspace       used 70972K, capacity 74490K, committed 74624K, reserved 1114112K
  class space    used 9359K, capacity 10102K, committed 10112K, reserved 1048576K
Event: 677.685 GC heap after
Heap after GC invocations=40 (full 7):
 PSYoungGen      total 278528K, used 39306K [0x00000000eab00000, 0x0000000100000000, 0x0000000100000000)
  eden space 239104K, 0% used [0x00000000eab00000,0x00000000eab00000,0x00000000f9480000)
  from space 39424K, 99% used [0x00000000f9480000,0x00000000fbae2bd8,0x00000000fbb00000)
  to   space 58368K, 0% used [0x00000000fc700000,0x00000000fc700000,0x0000000100000000)
 ParOldGen       total 276480K, used 78727K [0x00000000c0000000, 0x00000000d0e00000, 0x00000000eab00000)
  object space 276480K, 28% used [0x00000000c0000000,0x00000000c4ce1df0,0x00000000d0e00000)
 Metaspace       used 70972K, capacity 74490K, committed 74624K, reserved 1114112K
  class space    used 9359K, capacity 10102K, committed 10112K, reserved 1048576K
}
Event: 678.222 GC heap before
{Heap before GC invocations=41 (full 7):
 PSYoungGen      total 278528K, used 278410K [0x00000000eab00000, 0x0000000100000000, 0x0000000100000000)
  eden space 239104K, 100% used [0x00000000eab00000,0x00000000f9480000,0x00000000f9480000)
  from space 39424K, 99% used [0x00000000f9480000,0x00000000fbae2bd8,0x00000000fbb00000)
  to   space 58368K, 0% used [0x00000000fc700000,0x00000000fc700000,0x0000000100000000)
 ParOldGen       total 276480K, used 78727K [0x00000000c0000000, 0x00000000d0e00000, 0x00000000eab00000)
  object space 276480K, 28% used [0x00000000c0000000,0x00000000c4ce1df0,0x00000000d0e00000)
 Metaspace       used 70980K, capacity 74490K, committed 74624K, reserved 1114112K
  class space    used 9359K, capacity 10102K, committed 10112K, reserved 1048576K
Event: 678.327 GC heap after
Heap after GC invocations=41 (full 7):
 PSYoungGen      total 270336K, used 56992K [0x00000000eab00000, 0x0000000100000000, 0x0000000100000000)
  eden space 211968K, 0% used [0x00000000eab00000,0x00000000eab00000,0x00000000f7a00000)
  from space 58368K, 97% used [0x00000000fc700000,0x00000000ffea8000,0x0000000100000000)
  to   space 68608K, 0% used [0x00000000f7a00000,0x00000000f7a00000,0x00000000fbd00000)
 ParOldGen       total 276480K, used 115132K [0x00000000c0000000, 0x00000000d0e00000, 0x00000000eab00000)
  object space 276480K, 41% used [0x00000000c0000000,0x00000000c706f058,0x00000000d0e00000)
 Metaspace       used 70980K, capacity 74490K, committed 74624K, reserved 1114112K
  class space    used 9359K, capacity 10102K, committed 10112K, reserved 1048576K
}
Event: 678.444 GC heap before
{Heap before GC invocations=42 (full 7):
 PSYoungGen      total 270336K, used 268960K [0x00000000eab00000, 0x0000000100000000, 0x0000000100000000)
  eden space 211968K, 100% used [0x00000000eab00000,0x00000000f7a00000,0x00000000f7a00000)
  from space 58368K, 97% used [0x00000000fc700000,0x00000000ffea8000,0x0000000100000000)
  to   space 68608K, 0% used [0x00000000f7a00000,0x00000000f7a00000,0x00000000fbd00000)
 ParOldGen       total 276480K, used 115132K [0x00000000c0000000, 0x00000000d0e00000, 0x00000000eab00000)
  object space 276480K, 41% used [0x00000000c0000000,0x00000000c706f058,0x00000000d0e00000)
 Metaspace       used 70980K, capacity 74490K, committed 74624K, reserved 1114112K
  class space    used 9359K, capacity 10102K, committed 10112K, reserved 1048576K

