# JRE version: Java(TM) SE Runtime Environment (8.0_91-b15) (build 1.8.0_91-b15)
# Java VM: Java HotSpot(TM) 64-Bit Server VM (25.91-b15 mixed mode windows-amd64 compressed oops)
Heap:
 PSYoungGen      total 452096K, used 49305K [0x000000076ab00000, 0x000000078ad00000, 0x00000007c0000000)
  eden space 390144K, 0% used [0x000000076ab00000,0x000000076ab00000,0x0000000782800000)
  from space 61952K, 79% used [0x0000000782800000,0x0000000785826580,0x0000000786480000)
  to   space 67072K, 0% used [0x0000000786b80000,0x0000000786b80000,0x000000078ad00000)
 ParOldGen       total 166400K, used 149184K [0x00000006c0000000, 0x00000006ca280000, 0x000000076ab00000)
  object space 166400K, 89% used [0x00000006c0000000,0x00000006c91b01e0,0x00000006ca280000)
 Metaspace       used 6364K, capacity 7218K, committed 7296K, reserved 1056768K
  class space    used 602K, capacity 618K, committed 640K, reserved 1048576K
GC Heap History (10 events):
Event: 4.844 GC heap after
Heap after GC invocations=8 (full 0):
 PSYoungGen      total 285184K, used 26609K [0x000000076ab00000, 0x000000077ec00000, 0x00000007c0000000)
  eden space 258560K, 0% used [0x000000076ab00000,0x000000076ab00000,0x000000077a780000)
  from space 26624K, 99% used [0x000000077c700000,0x000000077e0fc5a0,0x000000077e100000)
  to   space 32256K, 0% used [0x000000077a780000,0x000000077a780000,0x000000077c700000)
 ParOldGen       total 87552K, used 49697K [0x00000006c0000000, 0x00000006c5580000, 0x000000076ab00000)
  object space 87552K, 56% used [0x00000006c0000000,0x00000006c30885d0,0x00000006c5580000)
 Metaspace       used 6199K, capacity 7152K, committed 7296K, reserved 1056768K
  class space    used 593K, capacity 616K, committed 640K, reserved 1048576K
}
Event: 6.211 GC heap before
{Heap before GC invocations=9 (full 0):
 PSYoungGen      total 285184K, used 285169K [0x000000076ab00000, 0x000000077ec00000, 0x00000007c0000000)
  eden space 258560K, 100% used [0x000000076ab00000,0x000000077a780000,0x000000077a780000)
  from space 26624K, 99% used [0x000000077c700000,0x000000077e0fc5a0,0x000000077e100000)
  to   space 32256K, 0% used [0x000000077a780000,0x000000077a780000,0x000000077c700000)
 ParOldGen       total 87552K, used 49697K [0x00000006c0000000, 0x00000006c5580000, 0x000000076ab00000)
  object space 87552K, 56% used [0x00000006c0000000,0x00000006c30885d0,0x00000006c5580000)
 Metaspace       used 6322K, capacity 7154K, committed 7296K, reserved 1056768K
  class space    used 601K, capacity 618K, committed 640K, reserved 1048576K
Event: 6.300 GC heap after
Heap after GC invocations=9 (full 0):
 PSYoungGen      total 290816K, used 32241K [0x000000076ab00000, 0x000000078a100000, 0x00000007c0000000)
  eden space 258560K, 0% used [0x000000076ab00000,0x000000076ab00000,0x000000077a780000)
  from space 32256K, 99% used [0x000000077a780000,0x000000077c6fc6d8,0x000000077c700000)
  to   space 50176K, 0% used [0x0000000787000000,0x0000000787000000,0x000000078a100000)
 ParOldGen       total 87552K, used 81780K [0x00000006c0000000, 0x00000006c5580000, 0x000000076ab00000)
  object space 87552K, 93% used [0x00000006c0000000,0x00000006c4fdd2f0,0x00000006c5580000)
 Metaspace       used 6322K, capacity 7154K, committed 7296K, reserved 1056768K
  class space    used 601K, capacity 618K, committed 640K, reserved 1048576K
}
Event: 6.300 GC heap before
{Heap before GC invocations=10 (full 1):
 PSYoungGen      total 290816K, used 32241K [0x000000076ab00000, 0x000000078a100000, 0x00000007c0000000)
  eden space 258560K, 0% used [0x000000076ab00000,0x000000076ab00000,0x000000077a780000)
  from space 32256K, 99% used [0x000000077a780000,0x000000077c6fc6d8,0x000000077c700000)
  to   space 50176K, 0% used [0x0000000787000000,0x0000000787000000,0x000000078a100000)
 ParOldGen       total 87552K, used 81780K [0x00000006c0000000, 0x00000006c5580000, 0x000000076ab00000)
  object space 87552K, 93% used [0x00000006c0000000,0x00000006c4fdd2f0,0x00000006c5580000)
 Metaspace       used 6322K, capacity 7154K, committed 7296K, reserved 1056768K
  class space    used 601K, capacity 618K, committed 640K, reserved 1048576K
Event: 7.082 GC heap after
Heap after GC invocations=10 (full 1):
 PSYoungGen      total 290816K, used 23469K [0x000000076ab00000, 0x000000078a100000, 0x00000007c0000000)
  eden space 258560K, 0% used [0x000000076ab00000,0x000000076ab00000,0x000000077a780000)
  from space 32256K, 72% used [0x000000077a780000,0x000000077be6b4c0,0x000000077c700000)
  to   space 50176K, 0% used [0x0000000787000000,0x0000000787000000,0x000000078a100000)
 ParOldGen       total 166400K, used 87145K [0x00000006c0000000, 0x00000006ca280000, 0x000000076ab00000)
  object space 166400K, 52% used [0x00000006c0000000,0x00000006c551a7c0,0x00000006ca280000)
 Metaspace       used 6322K, capacity 7154K, committed 7296K, reserved 1056768K
  class space    used 601K, capacity 618K, committed 640K, reserved 1048576K
}
Event: 8.383 GC heap before
{Heap before GC invocations=11 (full 1):
 PSYoungGen      total 290816K, used 282029K [0x000000076ab00000, 0x000000078a100000, 0x00000007c0000000)
  eden space 258560K, 100% used [0x000000076ab00000,0x000000077a780000,0x000000077a780000)
  from space 32256K, 72% used [0x000000077a780000,0x000000077be6b4c0,0x000000077c700000)
  to   space 50176K, 0% used [0x0000000787000000,0x0000000787000000,0x000000078a100000)
 ParOldGen       total 166400K, used 87145K [0x00000006c0000000, 0x00000006ca280000, 0x000000076ab00000)
  object space 166400K, 52% used [0x00000006c0000000,0x00000006c551a7c0,0x00000006ca280000)
 Metaspace       used 6358K, capacity 7218K, committed 7296K, reserved 1056768K
  class space    used 601K, capacity 618K, committed 640K, reserved 1048576K
Event: 8.493 GC heap after
Heap after GC invocations=11 (full 1):
 PSYoungGen      total 365056K, used 50147K [0x000000076ab00000, 0x000000078a100000, 0x00000007c0000000)
  eden space 314880K, 0% used [0x000000076ab00000,0x000000076ab00000,0x000000077de80000)
  from space 50176K, 99% used [0x0000000787000000,0x000000078a0f8ff8,0x000000078a100000)
  to   space 61952K, 0% used [0x0000000782800000,0x0000000782800000,0x0000000786480000)
 ParOldGen       total 166400K, used 98785K [0x00000006c0000000, 0x00000006ca280000, 0x000000076ab00000)
  object space 166400K, 59% used [0x00000006c0000000,0x00000006c6078760,0x00000006ca280000)
 Metaspace       used 6358K, capacity 7218K, committed 7296K, reserved 1056768K
  class space    used 601K, capacity 618K, committed 640K, reserved 1048576K
}
Event: 9.836 GC heap before
{Heap before GC invocations=12 (full 1):
 PSYoungGen      total 365056K, used 365027K [0x000000076ab00000, 0x000000078a100000, 0x00000007c0000000)
  eden space 314880K, 100% used [0x000000076ab00000,0x000000077de80000,0x000000077de80000)
  from space 50176K, 99% used [0x0000000787000000,0x000000078a0f8ff8,0x000000078a100000)
  to   space 61952K, 0% used [0x0000000782800000,0x0000000782800000,0x0000000786480000)
 ParOldGen       total 166400K, used 98785K [0x00000006c0000000, 0x00000006ca280000, 0x000000076ab00000)
  object space 166400K, 59% used [0x00000006c0000000,0x00000006c6078760,0x00000006ca280000)
 Metaspace       used 6364K, capacity 7218K, committed 7296K, reserved 1056768K
  class space    used 602K, capacity 618K, committed 640K, reserved 1048576K
Event: 10.019 GC heap after
Heap after GC invocations=12 (full 1):
 PSYoungGen      total 452096K, used 49305K [0x000000076ab00000, 0x000000078ad00000, 0x00000007c0000000)
  eden space 390144K, 0% used [0x000000076ab00000,0x000000076ab00000,0x0000000782800000)
  from space 61952K, 79% used [0x0000000782800000,0x0000000785826580,0x0000000786480000)
  to   space 67072K, 0% used [0x0000000786b80000,0x0000000786b80000,0x000000078ad00000)
 ParOldGen       total 166400K, used 149184K [0x00000006c0000000, 0x00000006ca280000, 0x000000076ab00000)
  object space 166400K, 89% used [0x00000006c0000000,0x00000006c91b01e0,0x00000006ca280000)
 Metaspace       used 6364K, capacity 7218K, committed 7296K, reserved 1056768K
  class space    used 602K, capacity 618K, committed 640K, reserved 1048576K
}
Event: 10.019 GC heap before
{Heap before GC invocations=13 (full 2):
 PSYoungGen      total 452096K, used 49305K [0x000000076ab00000, 0x000000078ad00000, 0x00000007c0000000)
  eden space 390144K, 0% used [0x000000076ab00000,0x000000076ab00000,0x0000000782800000)
  from space 61952K, 79% used [0x0000000782800000,0x0000000785826580,0x0000000786480000)
  to   space 67072K, 0% used [0x0000000786b80000,0x0000000786b80000,0x000000078ad00000)
 ParOldGen       total 166400K, used 149184K [0x00000006c0000000, 0x00000006ca280000, 0x000000076ab00000)
  object space 166400K, 89% used [0x00000006c0000000,0x00000006c91b01e0,0x00000006ca280000)
 Metaspace       used 6364K, capacity 7218K, committed 7296K, reserved 1056768K
  class space    used 602K, capacity 618K, committed 640K, reserved 1048576K

